TN:
SF:src/lib/palette.ts
FN:6,(anonymous_0)
FN:12,(anonymous_1)
FN:48,(anonymous_2)
FNF:3
FNH:3
FNDA:104,(anonymous_0)
FNDA:18,(anonymous_1)
FNDA:96,(anonymous_2)
DA:6,104
DA:12,4
DA:13,18
DA:17,4
DA:45,4
DA:48,96
DA:52,4
DA:55,4
DA:58,4
DA:61,4
LF:10
LH:10
BRF:0
BRH:0
end_of_record
TN:
SF:src/lib/utils.ts
FN:4,cn
FNF:1
FNH:1
FNDA:60,cn
DA:5,60
LF:1
LH:1
BRF:0
BRH:0
end_of_record
TN:
SF:src/models/accounts.ts
FN:9,computeActivitySummary
FN:10,(anonymous_1)
FN:10,(anonymous_2)
FN:11,(anonymous_3)
FN:11,(anonymous_4)
FNF:5
FNH:5
FNDA:5,computeActivitySummary
FNDA:16,(anonymous_1)
FNDA:8,(anonymous_2)
FNDA:16,(anonymous_3)
FNDA:8,(anonymous_4)
DA:10,16
DA:11,16
DA:12,5
LF:3
LH:3
BRF:0
BRH:0
end_of_record
TN:
SF:src/models/amount.ts
FN:6,classifyDirection
FN:10,formatSignedAmount
FNF:2
FNH:2
FNDA:45,classifyDirection
FNDA:45,formatSignedAmount
DA:7,45
DA:11,45
DA:12,45
LF:3
LH:3
BRDA:7,0,0,16
BRDA:7,0,1,29
BRDA:11,1,0,16
BRDA:11,1,1,29
BRF:4
BRH:4
end_of_record
TN:
SF:src/models/card-showcase.ts
FN:6,computeUtilization
FN:19,deriveColorScheme
FN:33,formatBalance
FNF:3
FNH:3
FNDA:30,computeUtilization
FNDA:30,deriveColorScheme
FNDA:19,formatBalance
DA:7,30
DA:8,29
DA:20,30
DA:21,30
DA:34,19
LF:5
LH:5
BRDA:7,0,0,1
BRDA:7,0,1,29
BRDA:22,1,0,10
BRDA:22,1,1,20
BRDA:23,2,0,10
BRDA:23,2,1,20
BRDA:24,3,0,10
BRDA:24,3,1,20
BRDA:27,4,0,10
BRDA:27,4,1,20
BRDA:28,5,0,10
BRDA:28,5,1,20
BRDA:34,6,0,17
BRDA:34,6,1,2
BRF:14
BRH:14
end_of_record
TN:
SF:src/models/flow-comparison.ts
FN:16,computeFlowSummary
FN:17,(anonymous_1)
FN:18,(anonymous_2)
FN:26,deriveNetFlow
FN:27,(anonymous_4)
FNF:5
FNH:5
FNDA:5,computeFlowSummary
FNDA:27,(anonymous_1)
FNDA:27,(anonymous_2)
FNDA:5,deriveNetFlow
FNDA:30,(anonymous_4)
DA:17,27
DA:18,27
DA:19,5
DA:27,30
LF:4
LH:4
BRF:0
BRH:0
end_of_record
TN:
SF:src/models/interaction-showcase.ts
FN:6,toastVariantLabel
FNF:1
FNH:1
FNDA:65,toastVariantLabel
DA:7,65
DA:14,65
DA:17,2
LF:3
LH:3
BRF:0
BRH:0
end_of_record
TN:
SF:src/models/portfolio.ts
FN:6,computePortfolioTotal
FN:7,(anonymous_1)
FNF:2
FNH:2
FNDA:5,computePortfolioTotal
FNDA:18,(anonymous_1)
DA:7,18
LF:1
LH:1
BRF:0
BRH:0
end_of_record
TN:
SF:src/models/progress-tracking.ts
FN:12,computeProgressSummary
FN:13,(anonymous_1)
FN:14,(anonymous_2)
FN:18,computeProgressPercent
FNF:4
FNH:4
FNDA:5,computeProgressSummary
FNDA:18,(anonymous_1)
FNDA:18,(anonymous_2)
FNDA:18,computeProgressPercent
DA:13,18
DA:14,18
DA:15,5
DA:19,18
DA:20,17
LF:5
LH:5
BRDA:19,0,0,1
BRDA:19,0,1,17
BRF:2
BRH:2
end_of_record
TN:
SF:src/models/record-list.ts
FN:11,classifyStatus
FNF:1
FNH:1
FNDA:32,classifyStatus
DA:12,32
LF:1
LH:1
BRDA:12,0,0,28
BRDA:12,0,1,4
BRF:2
BRH:2
end_of_record
TN:
SF:src/models/stats-overview.ts
FN:6,classifyChange
FN:12,changeToColorClass
FNF:2
FNH:2
FNDA:7,classifyChange
FNDA:7,changeToColorClass
DA:7,7
DA:8,4
DA:9,2
DA:13,7
DA:15,3
DA:17,2
DA:19,2
LF:7
LH:7
BRDA:7,0,0,3
BRDA:7,0,1,4
BRDA:8,1,0,2
BRDA:8,1,1,2
BRDA:13,2,0,3
BRDA:13,2,1,2
BRDA:13,2,2,2
BRF:7
BRH:7
end_of_record
TN:
SF:src/models/target-cards.ts
FN:6,computeGoalPercent
FN:11,computeMonthlyTarget
FN:16,isOnTrack
FN:31,enrichGoal
FNF:4
FNH:4
FNDA:13,computeGoalPercent
FNDA:12,computeMonthlyTarget
FNDA:15,isOnTrack
FNDA:10,enrichGoal
DA:7,13
DA:8,12
DA:12,12
DA:13,11
DA:17,15
DA:18,14
DA:32,10
LF:7
LH:7
BRDA:7,0,0,1
BRDA:7,0,1,12
BRDA:12,1,0,1
BRDA:12,1,1,11
BRDA:16,2,0,15
BRDA:17,3,0,1
BRDA:17,3,1,14
BRDA:31,4,0,10
BRF:8
BRH:8
end_of_record
TN:
SF:src/viewmodels/useAccountsViewModel.ts
FN:22,useAccountsViewModel
FN:24,(anonymous_1)
FN:24,(anonymous_2)
FN:29,(anonymous_3)
FN:30,(anonymous_4)
FN:38,(anonymous_5)
FNF:6
FNH:6
FNDA:3,useAccountsViewModel
FNDA:3,(anonymous_1)
FNDA:9,(anonymous_2)
FNDA:3,(anonymous_3)
FNDA:12,(anonymous_4)
FNDA:3,(anonymous_5)
DA:23,3
DA:24,9
DA:28,3
DA:30,12
DA:38,3
DA:40,3
LF:6
LH:6
BRF:0
BRH:0
end_of_record
TN:
SF:src/viewmodels/useCardShowcaseViewModel.ts
FN:15,useCardShowcaseViewModel
FN:17,(anonymous_1)
FN:18,(anonymous_2)
FN:27,(anonymous_3)
FNF:4
FNH:4
FNDA:9,useCardShowcaseViewModel
FNDA:9,(anonymous_1)
FNDA:27,(anonymous_2)
FNDA:17,(anonymous_3)
DA:16,9
DA:18,27
DA:26,9
DA:27,17
DA:31,9
LF:5
LH:5
BRF:0
BRH:0
end_of_record
TN:
SF:src/viewmodels/useFlowComparisonViewModel.ts
FN:9,useFlowComparisonViewModel
FN:10,(anonymous_1)
FN:11,(anonymous_2)
FNF:3
FNH:3
FNDA:3,useFlowComparisonViewModel
FNDA:3,(anonymous_1)
FNDA:3,(anonymous_2)
DA:10,3
DA:11,3
DA:13,3
LF:3
LH:3
BRF:0
BRH:0
end_of_record
TN:
SF:src/viewmodels/useInteractionShowcaseViewModel.ts
FN:15,useInteractionShowcaseViewModel
FN:19,(anonymous_1)
FN:20,(anonymous_2)
FN:27,(anonymous_3)
FN:29,(anonymous_4)
FN:32,(anonymous_5)
FN:32,(anonymous_6)
FN:36,(anonymous_7)
FN:37,(anonymous_8)
FN:40,(anonymous_9)
FN:40,(anonymous_10)
FNF:11
FNH:11
FNDA:8,useInteractionShowcaseViewModel
FNDA:6,(anonymous_1)
FNDA:30,(anonymous_2)
FNDA:6,(anonymous_3)
FNDA:6,(anonymous_4)
FNDA:6,(anonymous_5)
FNDA:30,(anonymous_6)
FNDA:1,(anonymous_7)
FNDA:1,(anonymous_8)
FNDA:2,(anonymous_9)
FNDA:4,(anonymous_10)
DA:16,8
DA:18,8
DA:20,30
DA:27,8
DA:29,8
DA:31,8
DA:32,30
DA:36,8
DA:37,8
DA:39,8
DA:40,4
DA:44,8
LF:12
LH:12
BRF:0
BRH:0
end_of_record
TN:
SF:src/viewmodels/usePortfolioViewModel.ts
FN:8,usePortfolioViewModel
FN:9,(anonymous_1)
FNF:2
FNH:2
FNDA:3,usePortfolioViewModel
FNDA:3,(anonymous_1)
DA:9,3
DA:11,3
LF:2
LH:2
BRF:0
BRH:0
end_of_record
TN:
SF:src/viewmodels/useProgressTrackingViewModel.ts
FN:17,useProgressTrackingViewModel
FN:18,(anonymous_1)
FN:21,(anonymous_2)
FN:22,(anonymous_3)
FNF:4
FNH:4
FNDA:3,useProgressTrackingViewModel
FNDA:3,(anonymous_1)
FNDA:3,(anonymous_2)
FNDA:15,(anonymous_3)
DA:18,3
DA:20,3
DA:22,15
DA:32,3
LF:4
LH:4
BRF:0
BRH:0
end_of_record
TN:
SF:src/viewmodels/useRecordListViewModel.ts
FN:21,useRecordListViewModel
FN:23,(anonymous_1)
FN:24,(anonymous_2)
FNF:3
FNH:3
FNDA:3,useRecordListViewModel
FNDA:3,(anonymous_1)
FNDA:30,(anonymous_2)
DA:22,3
DA:24,30
DA:38,3
LF:3
LH:3
BRF:0
BRH:0
end_of_record
TN:
SF:src/viewmodels/useStatsOverviewViewModel.ts
FN:15,useStatsOverviewViewModel
FN:17,(anonymous_1)
FN:18,(anonymous_2)
FNF:3
FNH:3
FNDA:1,useStatsOverviewViewModel
FNDA:1,(anonymous_1)
FNDA:4,(anonymous_2)
DA:16,1
DA:18,4
DA:25,1
LF:3
LH:3
BRF:0
BRH:0
end_of_record
TN:
SF:src/viewmodels/useTargetCardsViewModel.ts
FN:9,useTargetCardsViewModel
FN:11,(anonymous_1)
FN:11,(anonymous_2)
FNF:3
FNH:3
FNDA:2,useTargetCardsViewModel
FNDA:2,(anonymous_1)
FNDA:8,(anonymous_2)
DA:10,2
DA:11,8
DA:15,2
LF:3
LH:3
BRF:0
BRH:0
end_of_record
